2020-09-09 12:25:18,602 INFO [Test worker] o.s.b.t.c.SpringBootTestContextBootstrapper [AbstractTestContextBootstrapper.java:308] Neither @ContextConfiguration nor @ContextHierarchy found for test class [org.dell.kube.pagesapi.HomeApiTest], using SpringBootContextLoader
2020-09-09 12:25:18,611 INFO [Test worker] o.s.t.c.s.AbstractContextLoader [AbstractContextLoader.java:264] Could not detect default resource locations for test class [org.dell.kube.pagesapi.HomeApiTest]: no resource found for suffixes {-context.xml, Context.groovy}.
2020-09-09 12:25:18,773 INFO [Test worker] o.s.b.t.c.SpringBootTestContextBootstrapper [AbstractTestContextBootstrapper.java:248] Loaded default TestExecutionListener class names from location [META-INF/spring.factories]: [org.springframework.boot.test.autoconfigure.restdocs.RestDocsTestExecutionListener, org.springframework.boot.test.autoconfigure.web.client.MockRestServiceServerResetTestExecutionListener, org.springframework.boot.test.autoconfigure.web.servlet.MockMvcPrintOnlyOnFailureTestExecutionListener, org.springframework.boot.test.autoconfigure.web.servlet.WebDriverTestExecutionListener, org.springframework.boot.test.autoconfigure.webservices.client.MockWebServiceServerTestExecutionListener, org.springframework.boot.test.mock.mockito.MockitoTestExecutionListener, org.springframework.boot.test.mock.mockito.ResetMocksTestExecutionListener, org.springframework.test.context.web.ServletTestExecutionListener, org.springframework.test.context.support.DirtiesContextBeforeModesTestExecutionListener, org.springframework.test.context.support.DependencyInjectionTestExecutionListener, org.springframework.test.context.support.DirtiesContextTestExecutionListener, org.springframework.test.context.transaction.TransactionalTestExecutionListener, org.springframework.test.context.jdbc.SqlScriptsTestExecutionListener, org.springframework.test.context.event.EventPublishingTestExecutionListener]
2020-09-09 12:25:18,790 INFO [Test worker] o.s.b.t.c.SpringBootTestContextBootstrapper [AbstractTestContextBootstrapper.java:177] Using TestExecutionListeners: [org.springframework.test.context.web.ServletTestExecutionListener@748e2e92, org.springframework.test.context.support.DirtiesContextBeforeModesTestExecutionListener@3cae275a, org.springframework.boot.test.mock.mockito.MockitoTestExecutionListener@2cc0f68, org.springframework.boot.test.autoconfigure.SpringBootDependencyInjectionTestExecutionListener@728823ef, org.springframework.test.context.support.DirtiesContextTestExecutionListener@77776992, org.springframework.test.context.transaction.TransactionalTestExecutionListener@3aae04d1, org.springframework.test.context.jdbc.SqlScriptsTestExecutionListener@587bfba3, org.springframework.test.context.event.EventPublishingTestExecutionListener@6bdf3c18, org.springframework.boot.test.autoconfigure.restdocs.RestDocsTestExecutionListener@2728f308, org.springframework.boot.test.autoconfigure.web.client.MockRestServiceServerResetTestExecutionListener@6deae3b0, org.springframework.boot.test.autoconfigure.web.servlet.MockMvcPrintOnlyOnFailureTestExecutionListener@6acbbb4d, org.springframework.boot.test.autoconfigure.web.servlet.WebDriverTestExecutionListener@786675f0, org.springframework.boot.test.autoconfigure.webservices.client.MockWebServiceServerTestExecutionListener@18366947, org.springframework.boot.test.mock.mockito.ResetMocksTestExecutionListener@227bfe92]
2020-09-09 12:25:20,176 INFO [Test worker] o.d.k.p.HomeApiTest [SpringApplication.java:651] No active profile set, falling back to default profiles: default
2020-09-09 12:25:21,440 INFO [Test worker] o.s.c.c.s.GenericScope [GenericScope.java:295] BeanFactory id=15127c7d-bfe9-3a5b-97fd-0b1e9fb4aa51
2020-09-09 12:25:21,592 INFO [Test worker] o.s.c.s.PostProcessorRegistrationDelegate$BeanPostProcessorChecker [PostProcessorRegistrationDelegate.java:335] Bean 'org.dell.kube.pages.CategoryClient' of type [org.springframework.cloud.openfeign.FeignClientFactoryBean] is not eligible for getting processed by all BeanPostProcessors (for example: not eligible for auto-proxying)
2020-09-09 12:25:22,033 INFO [Test worker] o.s.b.w.e.t.TomcatWebServer [TomcatWebServer.java:108] Tomcat initialized with port(s): 0 (http)
2020-09-09 12:25:22,046 INFO [Test worker] o.a.c.h.Http11NioProtocol [DirectJDKLog.java:173] Initializing ProtocolHandler ["http-nio-auto-1"]
2020-09-09 12:25:22,046 INFO [Test worker] o.a.c.c.StandardService [DirectJDKLog.java:173] Starting service [Tomcat]
2020-09-09 12:25:22,047 INFO [Test worker] o.a.c.c.StandardEngine [DirectJDKLog.java:173] Starting Servlet engine: [Apache Tomcat/9.0.36]
2020-09-09 12:25:22,184 INFO [Test worker] o.a.c.c.C.[.[.[/] [DirectJDKLog.java:173] Initializing Spring embedded WebApplicationContext
2020-09-09 12:25:22,185 INFO [Test worker] o.s.b.w.s.c.ServletWebServerApplicationContext [ServletWebServerApplicationContext.java:285] Root WebApplicationContext: initialization completed in 2002 ms
2020-09-09 12:25:22,869 WARN [Test worker] c.n.c.s.URLConfigurationSource [URLConfigurationSource.java:121] No URLs will be polled as dynamic configuration sources.
2020-09-09 12:25:22,870 INFO [Test worker] c.n.c.s.URLConfigurationSource [URLConfigurationSource.java:122] To enable URLs as dynamic configuration sources, define System property archaius.configurationSource.additionalUrls or make config.properties available on classpath.
2020-09-09 12:25:22,876 WARN [Test worker] c.n.c.s.URLConfigurationSource [URLConfigurationSource.java:121] No URLs will be polled as dynamic configuration sources.
2020-09-09 12:25:22,877 INFO [Test worker] c.n.c.s.URLConfigurationSource [URLConfigurationSource.java:122] To enable URLs as dynamic configuration sources, define System property archaius.configurationSource.additionalUrls or make config.properties available on classpath.
2020-09-09 12:25:23,029 INFO [Test worker] o.s.s.c.ThreadPoolTaskExecutor [ExecutorConfigurationSupport.java:181] Initializing ExecutorService 'applicationTaskExecutor'
2020-09-09 12:25:23,733 INFO [Test worker] o.s.b.a.e.w.EndpointLinksResolver [EndpointLinksResolver.java:58] Exposing 2 endpoint(s) beneath base path '/actuator'
2020-09-09 12:25:23,871 INFO [Test worker] o.a.c.h.Http11NioProtocol [DirectJDKLog.java:173] Starting ProtocolHandler ["http-nio-auto-1"]
2020-09-09 12:25:23,899 INFO [Test worker] o.s.b.w.e.t.TomcatWebServer [TomcatWebServer.java:220] Tomcat started on port(s): 32977 (http) with context path ''
2020-09-09 12:25:23,933 INFO [Test worker] o.d.k.p.HomeApiTest [StartupInfoLogger.java:61] Started HomeApiTest in 5.099 seconds (JVM running for 6.438)
2020-09-09 12:25:24,521 INFO [http-nio-auto-1-exec-1] o.a.c.c.C.[.[.[/] [DirectJDKLog.java:173] Initializing Spring DispatcherServlet 'dispatcherServlet'
2020-09-09 12:25:24,523 INFO [http-nio-auto-1-exec-1] o.s.w.s.DispatcherServlet [FrameworkServlet.java:525] Initializing Servlet 'dispatcherServlet'
2020-09-09 12:25:24,540 INFO [http-nio-auto-1-exec-1] o.s.w.s.DispatcherServlet [FrameworkServlet.java:547] Completed initialization in 17 ms
2020-09-09 12:25:24,695 INFO [http-nio-auto-1-exec-2] c.z.h.HikariDataSource [HikariDataSource.java:110] HikariPool-1 - Starting...
2020-09-09 12:25:24,882 INFO [http-nio-auto-1-exec-2] c.z.h.HikariDataSource [HikariDataSource.java:123] HikariPool-1 - Start completed.
2020-09-09 12:25:24,935 INFO [Test worker] o.s.b.t.c.SpringBootTestContextBootstrapper [AbstractTestContextBootstrapper.java:308] Neither @ContextConfiguration nor @ContextHierarchy found for test class [org.dell.kube.pagesapi.PageApiTest], using SpringBootContextLoader
2020-09-09 12:25:24,936 INFO [Test worker] o.s.t.c.s.AbstractContextLoader [AbstractContextLoader.java:264] Could not detect default resource locations for test class [org.dell.kube.pagesapi.PageApiTest]: no resource found for suffixes {-context.xml, Context.groovy}.
2020-09-09 12:25:24,940 INFO [Test worker] o.s.b.t.c.SpringBootTestContextBootstrapper [AbstractTestContextBootstrapper.java:248] Loaded default TestExecutionListener class names from location [META-INF/spring.factories]: [org.springframework.boot.test.autoconfigure.restdocs.RestDocsTestExecutionListener, org.springframework.boot.test.autoconfigure.web.client.MockRestServiceServerResetTestExecutionListener, org.springframework.boot.test.autoconfigure.web.servlet.MockMvcPrintOnlyOnFailureTestExecutionListener, org.springframework.boot.test.autoconfigure.web.servlet.WebDriverTestExecutionListener, org.springframework.boot.test.autoconfigure.webservices.client.MockWebServiceServerTestExecutionListener, org.springframework.boot.test.mock.mockito.MockitoTestExecutionListener, org.springframework.boot.test.mock.mockito.ResetMocksTestExecutionListener, org.springframework.test.context.web.ServletTestExecutionListener, org.springframework.test.context.support.DirtiesContextBeforeModesTestExecutionListener, org.springframework.test.context.support.DependencyInjectionTestExecutionListener, org.springframework.test.context.support.DirtiesContextTestExecutionListener, org.springframework.test.context.transaction.TransactionalTestExecutionListener, org.springframework.test.context.jdbc.SqlScriptsTestExecutionListener, org.springframework.test.context.event.EventPublishingTestExecutionListener]
2020-09-09 12:25:24,941 INFO [Test worker] o.s.b.t.c.SpringBootTestContextBootstrapper [AbstractTestContextBootstrapper.java:177] Using TestExecutionListeners: [org.springframework.test.context.web.ServletTestExecutionListener@57f0083f, org.springframework.test.context.support.DirtiesContextBeforeModesTestExecutionListener@16bdb54f, org.springframework.boot.test.mock.mockito.MockitoTestExecutionListener@16a15380, org.springframework.boot.test.autoconfigure.SpringBootDependencyInjectionTestExecutionListener@1b6aec30, org.springframework.test.context.support.DirtiesContextTestExecutionListener@4c8cae92, org.springframework.test.context.transaction.TransactionalTestExecutionListener@37607d81, org.springframework.test.context.jdbc.SqlScriptsTestExecutionListener@2bc105be, org.springframework.test.context.event.EventPublishingTestExecutionListener@6786679a, org.springframework.boot.test.autoconfigure.restdocs.RestDocsTestExecutionListener@4e57adc6, org.springframework.boot.test.autoconfigure.web.client.MockRestServiceServerResetTestExecutionListener@7a6f5df8, org.springframework.boot.test.autoconfigure.web.servlet.MockMvcPrintOnlyOnFailureTestExecutionListener@59a05bfe, org.springframework.boot.test.autoconfigure.web.servlet.WebDriverTestExecutionListener@d4e4de7, org.springframework.boot.test.autoconfigure.webservices.client.MockWebServiceServerTestExecutionListener@7e84f815, org.springframework.boot.test.mock.mockito.ResetMocksTestExecutionListener@7e84eaa0]
2020-09-09 12:25:25,023 INFO [http-nio-auto-1-exec-3] o.d.k.p.PageController [PageController.java:31] CREATE-INFO:Creating a new page
2020-09-09 12:25:25,191 INFO [http-nio-auto-1-exec-3] c.n.c.ChainedDynamicProperty [ChainedDynamicProperty.java:115] Flipping property: category.ribbon.ActiveConnectionsLimit to use NEXT property: niws.loadbalancer.availabilityFilteringRule.activeConnectionsLimit = 2147483647
2020-09-09 12:25:25,228 INFO [http-nio-auto-1-exec-3] c.n.l.BaseLoadBalancer [BaseLoadBalancer.java:197] Client: category instantiated a LoadBalancer: DynamicServerListLoadBalancer:{NFLoadBalancer:name=category,current list of Servers=[],Load balancer stats=Zone stats: {},Server stats: []}ServerList:null
2020-09-09 12:25:25,235 INFO [http-nio-auto-1-exec-3] c.n.l.DynamicServerListLoadBalancer [DynamicServerListLoadBalancer.java:222] Using serverListUpdater PollingServerListUpdater
2020-09-09 12:25:25,522 WARN [http-nio-auto-1-exec-3] o.s.c.k.r.KubernetesEndpointsServerList [KubernetesEndpointsServerList.java:88] Did not find any endpoints in ribbon in namespace [epsilon] for name [category] and portName [null]
2020-09-09 12:25:25,522 INFO [http-nio-auto-1-exec-3] c.n.l.DynamicServerListLoadBalancer [DynamicServerListLoadBalancer.java:150] DynamicServerListLoadBalancer for client category initialized: DynamicServerListLoadBalancer:{NFLoadBalancer:name=category,current list of Servers=[],Load balancer stats=Zone stats: {},Server stats: []}ServerList:org.springframework.cloud.kubernetes.ribbon.KubernetesEndpointsServerList@21ea8e47
2020-09-09 12:25:25,544 WARN [http-nio-auto-1-exec-3] o.s.c.o.l.FeignBlockingLoadBalancerClient [FeignBlockingLoadBalancerClient.java:67] Load balancer does not contain an instance for the service category
2020-09-09 12:25:25,617 INFO [http-nio-auto-1-exec-5] o.d.k.p.PageController [PageController.java:31] CREATE-INFO:Creating a new page
2020-09-09 12:25:25,618 WARN [http-nio-auto-1-exec-5] o.s.c.o.l.FeignBlockingLoadBalancerClient [FeignBlockingLoadBalancerClient.java:67] Load balancer does not contain an instance for the service category
2020-09-09 12:25:25,673 INFO [http-nio-auto-1-exec-4] o.d.k.p.PageController [PageController.java:31] CREATE-INFO:Creating a new page
2020-09-09 12:25:25,674 WARN [http-nio-auto-1-exec-4] o.s.c.o.l.FeignBlockingLoadBalancerClient [FeignBlockingLoadBalancerClient.java:67] Load balancer does not contain an instance for the service category
2020-09-09 12:25:25,732 INFO [http-nio-auto-1-exec-8] o.d.k.p.PageController [PageController.java:31] CREATE-INFO:Creating a new page
2020-09-09 12:25:25,733 WARN [http-nio-auto-1-exec-8] o.s.c.o.l.FeignBlockingLoadBalancerClient [FeignBlockingLoadBalancerClient.java:67] Load balancer does not contain an instance for the service category
2020-09-09 12:25:25,786 INFO [http-nio-auto-1-exec-6] o.d.k.p.PageController [PageController.java:31] CREATE-INFO:Creating a new page
2020-09-09 12:25:25,787 WARN [http-nio-auto-1-exec-6] o.s.c.o.l.FeignBlockingLoadBalancerClient [FeignBlockingLoadBalancerClient.java:67] Load balancer does not contain an instance for the service category
2020-09-09 12:25:25,807 INFO [Test worker] o.s.b.t.c.SpringBootTestContextBootstrapper [AbstractTestContextBootstrapper.java:308] Neither @ContextConfiguration nor @ContextHierarchy found for test class [org.dell.kube.pages.MySqlPageRepositoryTest], using SpringBootContextLoader
2020-09-09 12:25:25,813 INFO [Test worker] o.s.t.c.s.AbstractContextLoader [AbstractContextLoader.java:264] Could not detect default resource locations for test class [org.dell.kube.pages.MySqlPageRepositoryTest]: no resource found for suffixes {-context.xml, Context.groovy}.
2020-09-09 12:25:25,815 INFO [Test worker] o.s.t.c.s.AnnotationConfigContextLoaderUtils [AnnotationConfigContextLoaderUtils.java:83] Could not detect default configuration classes for test class [org.dell.kube.pages.MySqlPageRepositoryTest]: MySqlPageRepositoryTest does not declare any static, non-private, non-final, nested classes annotated with @Configuration.
2020-09-09 12:25:25,822 INFO [Test worker] o.s.b.t.c.SpringBootTestContextBootstrapper [SpringBootTestContextBootstrapper.java:237] Found @SpringBootConfiguration org.dell.kube.pages.PageApplication for test class org.dell.kube.pages.MySqlPageRepositoryTest
2020-09-09 12:25:25,824 INFO [Test worker] o.s.b.t.c.SpringBootTestContextBootstrapper [AbstractTestContextBootstrapper.java:248] Loaded default TestExecutionListener class names from location [META-INF/spring.factories]: [org.springframework.boot.test.autoconfigure.restdocs.RestDocsTestExecutionListener, org.springframework.boot.test.autoconfigure.web.client.MockRestServiceServerResetTestExecutionListener, org.springframework.boot.test.autoconfigure.web.servlet.MockMvcPrintOnlyOnFailureTestExecutionListener, org.springframework.boot.test.autoconfigure.web.servlet.WebDriverTestExecutionListener, org.springframework.boot.test.autoconfigure.webservices.client.MockWebServiceServerTestExecutionListener, org.springframework.boot.test.mock.mockito.MockitoTestExecutionListener, org.springframework.boot.test.mock.mockito.ResetMocksTestExecutionListener, org.springframework.test.context.web.ServletTestExecutionListener, org.springframework.test.context.support.DirtiesContextBeforeModesTestExecutionListener, org.springframework.test.context.support.DependencyInjectionTestExecutionListener, org.springframework.test.context.support.DirtiesContextTestExecutionListener, org.springframework.test.context.transaction.TransactionalTestExecutionListener, org.springframework.test.context.jdbc.SqlScriptsTestExecutionListener, org.springframework.test.context.event.EventPublishingTestExecutionListener]
2020-09-09 12:25:25,827 INFO [Test worker] o.s.b.t.c.SpringBootTestContextBootstrapper [AbstractTestContextBootstrapper.java:177] Using TestExecutionListeners: [org.springframework.test.context.web.ServletTestExecutionListener@1ba9ca81, org.springframework.test.context.support.DirtiesContextBeforeModesTestExecutionListener@5273efb6, org.springframework.boot.test.mock.mockito.MockitoTestExecutionListener@58d329b7, org.springframework.boot.test.autoconfigure.SpringBootDependencyInjectionTestExecutionListener@5e4fdb33, org.springframework.test.context.support.DirtiesContextTestExecutionListener@be7ffb9, org.springframework.test.context.transaction.TransactionalTestExecutionListener@4624bf2c, org.springframework.test.context.jdbc.SqlScriptsTestExecutionListener@7fbb8ce, org.springframework.test.context.event.EventPublishingTestExecutionListener@27cd6d41, org.springframework.boot.test.autoconfigure.restdocs.RestDocsTestExecutionListener@13635436, org.springframework.boot.test.autoconfigure.web.client.MockRestServiceServerResetTestExecutionListener@70dd54a9, org.springframework.boot.test.autoconfigure.web.servlet.MockMvcPrintOnlyOnFailureTestExecutionListener@2a3aafb4, org.springframework.boot.test.autoconfigure.web.servlet.WebDriverTestExecutionListener@665178d7, org.springframework.boot.test.autoconfigure.webservices.client.MockWebServiceServerTestExecutionListener@6f9a52cf, org.springframework.boot.test.mock.mockito.ResetMocksTestExecutionListener@75783b89]
2020-09-09 11:25:25,997 INFO [Test worker] o.d.k.p.MySqlPageRepositoryTest [SpringApplication.java:651] No active profile set, falling back to default profiles: default
2020-09-09 11:25:26,248 WARN [PollingServerListUpdater-0] o.s.c.k.r.KubernetesEndpointsServerList [KubernetesEndpointsServerList.java:88] Did not find any endpoints in ribbon in namespace [epsilon] for name [category] and portName [null]
2020-09-09 11:25:26,633 INFO [Test worker] o.s.c.c.s.GenericScope [GenericScope.java:295] BeanFactory id=8e1e29a0-bcc2-3a2a-8a76-4f547efea954
2020-09-09 11:25:26,652 INFO [Test worker] o.s.c.s.PostProcessorRegistrationDelegate$BeanPostProcessorChecker [PostProcessorRegistrationDelegate.java:335] Bean 'org.dell.kube.pages.CategoryClient' of type [org.springframework.cloud.openfeign.FeignClientFactoryBean] is not eligible for getting processed by all BeanPostProcessors (for example: not eligible for auto-proxying)
2020-09-09 11:25:27,001 WARN [Test worker] o.s.c.n.a.ArchaiusAutoConfiguration [ArchaiusAutoConfiguration.java:163] Netflix ConfigurationManager has already been installed, unable to re-install
2020-09-09 11:25:27,098 INFO [Test worker] o.s.s.c.ThreadPoolTaskExecutor [ExecutorConfigurationSupport.java:181] Initializing ExecutorService 'applicationTaskExecutor'
2020-09-09 11:25:27,560 INFO [Test worker] o.s.b.a.e.w.EndpointLinksResolver [EndpointLinksResolver.java:58] Exposing 2 endpoint(s) beneath base path '/actuator'
2020-09-09 11:25:27,608 INFO [Test worker] o.d.k.p.MySqlPageRepositoryTest [StartupInfoLogger.java:61] Started MySqlPageRepositoryTest in 1.773 seconds (JVM running for 10.113)
2020-09-09 11:25:27,622 INFO [Test worker] c.z.h.HikariDataSource [HikariDataSource.java:110] HikariPool-2 - Starting...
2020-09-09 11:25:27,627 INFO [Test worker] c.z.h.HikariDataSource [HikariDataSource.java:123] HikariPool-2 - Start completed.
2020-09-09 11:25:28,456 INFO [Test worker] o.d.k.p.PageController [PageController.java:75] LIST-INFO:Fetching all pages
2020-09-09 11:25:28,479 INFO [Test worker] o.d.k.p.PageController [PageController.java:60] READ-INFO:Fetching page with id = 1
2020-09-09 11:25:28,481 INFO [Test worker] o.d.k.p.PageController [PageController.java:60] READ-INFO:Fetching page with id = 1
2020-09-09 11:25:28,482 ERROR [Test worker] o.d.k.p.PageController [PageController.java:67] READ-ERROR:Could not find page with id = 1
2020-09-09 11:25:28,487 INFO [Test worker] o.d.k.p.PageController [PageController.java:31] CREATE-INFO:Creating a new page
2020-09-09 11:25:28,519 INFO [Thread-393] c.n.l.PollingServerListUpdater [PollingServerListUpdater.java:53] Shutting down the Executor Pool for PollingServerListUpdater
2020-09-09 11:25:28,538 INFO [SpringContextShutdownHook] o.s.s.c.ThreadPoolTaskExecutor [ExecutorConfigurationSupport.java:218] Shutting down ExecutorService 'applicationTaskExecutor'
2020-09-09 11:25:28,558 INFO [SpringContextShutdownHook] c.z.h.HikariDataSource [HikariDataSource.java:350] HikariPool-2 - Shutdown initiated...
2020-09-09 11:25:28,588 INFO [SpringContextShutdownHook] o.s.s.c.ThreadPoolTaskExecutor [ExecutorConfigurationSupport.java:218] Shutting down ExecutorService 'applicationTaskExecutor'
2020-09-09 11:25:28,617 INFO [SpringContextShutdownHook] c.z.h.HikariDataSource [HikariDataSource.java:352] HikariPool-2 - Shutdown completed.
2020-09-09 11:25:28,623 INFO [SpringContextShutdownHook] c.z.h.HikariDataSource [HikariDataSource.java:350] HikariPool-1 - Shutdown initiated...
2020-09-09 11:25:28,640 INFO [SpringContextShutdownHook] c.z.h.HikariDataSource [HikariDataSource.java:352] HikariPool-1 - Shutdown completed.
